<?xml version="1.0" encoding="utf-8"?><testsuites name="pytest tests"><testsuite name="pytest" errors="0" failures="0" skipped="0" tests="9" time="1.767" timestamp="2026-04-17T06:02:24.056010+00:00" hostname="agent-env-f8892b9c-2711-44fa-a674-90ec5bcbd718"><testcase classname="backend.tests.test_nexxtechs_api.TestHealthEndpoint" name="test_health_check" time="0.183" /><testcase classname="backend.tests.test_nexxtechs_api.TestHealthEndpoint" name="test_root_endpoint" time="0.108" /><testcase classname="backend.tests.test_nexxtechs_api.TestEnquiryEndpoints" name="test_create_enquiry_success" time="0.164" /><testcase classname="backend.tests.test_nexxtechs_api.TestEnquiryEndpoints" name="test_create_enquiry_and_verify_persistence" time="0.241" /><testcase classname="backend.tests.test_nexxtechs_api.TestEnquiryEndpoints" name="test_create_enquiry_missing_fields" time="0.111" /><testcase classname="backend.tests.test_nexxtechs_api.TestEnquiryEndpoints" name="test_get_enquiries" time="0.114" /><testcase classname="backend.tests.test_nexxtechs_api.TestEnquiryEndpoints" name="test_create_multiple_enquiries" time="0.485" /><testcase classname="backend.tests.test_nexxtechs_api.TestEnquiryValidation" name="test_enquiry_with_empty_name" time="0.101" /><testcase classname="backend.tests.test_nexxtechs_api.TestEnquiryValidation" name="test_enquiry_with_special_characters" time="0.111" /></testsuite></testsuites>